1483431159.791240 client started (30795): socket /tmp/tmux-1000/default, protocol 8
1483431159.791261 on Linux 4.5.1-gentoo #1 SMP Wed Nov 30 07:31:41 CET 2016; libevent 2.0.22-stable (poll)
1483431159.791276 socket is /tmp/tmux-1000/default
1483431159.791280 trying connect
1483431159.791314 add peer 0x685be0: 6 ((nil))
1483431159.791354 sending message 100 to peer 0x685be0 (4 bytes)
1483431159.791360 sending message 101 to peer 0x685be0 (7 bytes)
1483431159.791362 sending message 102 to peer 0x685be0 (11 bytes)
1483431159.791365 sending message 108 to peer 0x685be0 (48 bytes)
1483431159.791367 sending message 104 to peer 0x685be0 (0 bytes)
1483431159.791370 sending message 107 to peer 0x685be0 (4 bytes)
1483431159.791372 sending message 105 to peer 0x685be0 (24 bytes)
1483431159.791374 sending message 105 to peer 0x685be0 (20 bytes)
1483431159.791376 sending message 105 to peer 0x685be0 (46 bytes)
1483431159.791379 sending message 105 to peer 0x685be0 (260 bytes)
1483431159.791382 sending message 105 to peer 0x685be0 (98 bytes)
1483431159.791384 sending message 105 to peer 0x685be0 (28 bytes)
1483431159.791387 sending message 105 to peer 0x685be0 (22 bytes)
1483431159.791389 sending message 105 to peer 0x685be0 (11 bytes)
1483431159.791391 sending message 105 to peer 0x685be0 (33 bytes)
1483431159.791393 sending message 105 to peer 0x685be0 (18 bytes)
1483431159.791395 sending message 105 to peer 0x685be0 (20 bytes)
1483431159.791397 sending message 105 to peer 0x685be0 (12 bytes)
1483431159.791399 sending message 105 to peer 0x685be0 (17 bytes)
1483431159.791401 sending message 105 to peer 0x685be0 (17 bytes)
1483431159.791404 sending message 105 to peer 0x685be0 (17 bytes)
1483431159.791406 sending message 105 to peer 0x685be0 (46 bytes)
1483431159.791408 sending message 105 to peer 0x685be0 (11 bytes)
1483431159.791410 sending message 105 to peer 0x685be0 (17 bytes)
1483431159.791412 sending message 105 to peer 0x685be0 (21 bytes)
1483431159.791414 sending message 105 to peer 0x685be0 (24 bytes)
1483431159.791416 sending message 105 to peer 0x685be0 (33 bytes)
1483431159.791418 sending message 105 to peer 0x685be0 (44 bytes)
1483431159.791420 sending message 105 to peer 0x685be0 (24 bytes)
1483431159.791422 sending message 105 to peer 0x685be0 (32 bytes)
1483431159.791424 sending message 105 to peer 0x685be0 (37 bytes)
1483431159.791427 sending message 105 to peer 0x685be0 (18 bytes)
1483431159.791429 sending message 105 to peer 0x685be0 (58 bytes)
1483431159.791431 sending message 105 to peer 0x685be0 (51 bytes)
1483431159.791433 sending message 105 to peer 0x685be0 (44 bytes)
1483431159.791435 sending message 105 to peer 0x685be0 (56 bytes)
1483431159.791438 sending message 105 to peer 0x685be0 (38 bytes)
1483431159.791440 sending message 105 to peer 0x685be0 (38 bytes)
1483431159.791442 sending message 105 to peer 0x685be0 (27 bytes)
1483431159.791444 sending message 105 to peer 0x685be0 (51 bytes)
1483431159.791446 sending message 105 to peer 0x685be0 (25 bytes)
1483431159.791448 sending message 105 to peer 0x685be0 (43 bytes)
1483431159.791451 sending message 105 to peer 0x685be0 (39 bytes)
1483431159.791453 sending message 105 to peer 0x685be0 (37 bytes)
1483431159.791455 sending message 105 to peer 0x685be0 (40 bytes)
1483431159.791457 sending message 105 to peer 0x685be0 (40 bytes)
1483431159.791459 sending message 105 to peer 0x685be0 (42 bytes)
1483431159.791461 sending message 105 to peer 0x685be0 (41 bytes)
1483431159.791463 sending message 105 to peer 0x685be0 (39 bytes)
1483431159.791465 sending message 105 to peer 0x685be0 (45 bytes)
1483431159.791467 sending message 105 to peer 0x685be0 (56 bytes)
1483431159.791469 sending message 105 to peer 0x685be0 (38 bytes)
1483431159.791471 sending message 105 to peer 0x685be0 (50 bytes)
1483431159.791474 sending message 105 to peer 0x685be0 (133 bytes)
1483431159.791476 sending message 105 to peer 0x685be0 (67 bytes)
1483431159.791478 sending message 105 to peer 0x685be0 (61 bytes)
1483431159.791480 sending message 105 to peer 0x685be0 (60 bytes)
1483431159.791482 sending message 105 to peer 0x685be0 (30 bytes)
1483431159.791487 sending message 105 to peer 0x685be0 (17 bytes)
1483431159.791489 sending message 105 to peer 0x685be0 (21 bytes)
1483431159.791492 sending message 105 to peer 0x685be0 (26 bytes)
1483431159.791494 sending message 105 to peer 0x685be0 (23 bytes)
1483431159.791497 sending message 105 to peer 0x685be0 (22 bytes)
1483431159.791499 sending message 105 to peer 0x685be0 (20 bytes)
1483431159.791501 sending message 105 to peer 0x685be0 (19 bytes)
1483431159.791503 sending message 105 to peer 0x685be0 (8 bytes)
1483431159.791505 sending message 105 to peer 0x685be0 (22 bytes)
1483431159.791507 sending message 105 to peer 0x685be0 (15 bytes)
1483431159.791509 sending message 105 to peer 0x685be0 (32 bytes)
1483431159.791511 sending message 105 to peer 0x685be0 (22 bytes)
1483431159.791514 sending message 105 to peer 0x685be0 (18 bytes)
1483431159.791516 sending message 105 to peer 0x685be0 (354 bytes)
1483431159.791518 sending message 105 to peer 0x685be0 (30 bytes)
1483431159.791520 sending message 105 to peer 0x685be0 (51 bytes)
1483431159.791522 sending message 105 to peer 0x685be0 (16 bytes)
1483431159.791524 sending message 105 to peer 0x685be0 (26 bytes)
1483431159.791526 sending message 105 to peer 0x685be0 (42 bytes)
1483431159.791529 sending message 105 to peer 0x685be0 (46 bytes)
1483431159.791531 sending message 105 to peer 0x685be0 (57 bytes)
1483431159.791533 sending message 105 to peer 0x685be0 (24 bytes)
1483431159.791535 sending message 105 to peer 0x685be0 (11 bytes)
1483431159.791537 sending message 105 to peer 0x685be0 (222 bytes)
1483431159.791540 sending message 105 to peer 0x685be0 (54 bytes)
1483431159.791542 sending message 105 to peer 0x685be0 (52 bytes)
1483431159.791544 sending message 105 to peer 0x685be0 (25 bytes)
1483431159.791546 sending message 105 to peer 0x685be0 (18 bytes)
1483431159.791549 sending message 105 to peer 0x685be0 (36 bytes)
1483431159.791551 sending message 105 to peer 0x685be0 (20 bytes)
1483431159.791553 sending message 105 to peer 0x685be0 (78 bytes)
1483431159.791555 sending message 105 to peer 0x685be0 (15 bytes)
1483431159.791557 sending message 105 to peer 0x685be0 (8 bytes)
1483431159.791559 sending message 105 to peer 0x685be0 (19 bytes)
1483431159.791561 sending message 105 to peer 0x685be0 (41 bytes)
1483431159.791563 sending message 105 to peer 0x685be0 (12 bytes)
1483431159.791565 sending message 105 to peer 0x685be0 (36 bytes)
1483431159.791568 sending message 105 to peer 0x685be0 (13 bytes)
1483431159.791570 sending message 105 to peer 0x685be0 (53 bytes)
1483431159.791572 sending message 105 to peer 0x685be0 (17 bytes)
1483431159.791574 sending message 105 to peer 0x685be0 (12 bytes)
1483431159.791576 sending message 105 to peer 0x685be0 (16 bytes)
1483431159.791578 sending message 105 to peer 0x685be0 (30 bytes)
1483431159.791580 sending message 105 to peer 0x685be0 (17 bytes)
1483431159.791582 sending message 105 to peer 0x685be0 (18 bytes)
1483431159.791585 sending message 105 to peer 0x685be0 (13 bytes)
1483431159.791587 sending message 105 to peer 0x685be0 (41 bytes)
1483431159.791589 sending message 105 to peer 0x685be0 (22 bytes)
1483431159.791591 sending message 105 to peer 0x685be0 (25 bytes)
1483431159.791593 sending message 105 to peer 0x685be0 (26 bytes)
1483431159.791602 sending message 105 to peer 0x685be0 (57 bytes)
1483431159.791605 sending message 105 to peer 0x685be0 (23 bytes)
1483431159.791607 sending message 105 to peer 0x685be0 (31 bytes)
1483431159.791609 sending message 105 to peer 0x685be0 (15 bytes)
1483431159.791611 sending message 105 to peer 0x685be0 (26 bytes)
1483431159.791613 sending message 105 to peer 0x685be0 (17 bytes)
1483431159.791616 sending message 105 to peer 0x685be0 (21 bytes)
1483431159.791618 sending message 105 to peer 0x685be0 (11 bytes)
1483431159.791620 sending message 105 to peer 0x685be0 (20 bytes)
1483431159.791622 sending message 105 to peer 0x685be0 (15 bytes)
1483431159.791624 sending message 105 to peer 0x685be0 (41 bytes)
1483431159.791626 sending message 105 to peer 0x685be0 (16 bytes)
1483431159.791631 sending message 105 to peer 0x685be0 (84 bytes)
1483431159.791633 sending message 105 to peer 0x685be0 (55 bytes)
1483431159.791645 sending message 105 to peer 0x685be0 (16 bytes)
1483431159.791647 sending message 106 to peer 0x685be0 (0 bytes)
1483431159.791650 sending message 200 to peer 0x685be0 (4 bytes)
1483431159.791652 client loop enter
1483431159.791863 peer 0x685be0 message 211
1483431159.791873 peer 0x685be0 message 203
1483431159.791886 client loop exit
